
Circuit 1 cell sky130_fd_pr__pfet_g5v0d10v5 and Circuit 2 cell sky130_fd_pr__pfet_g5v0d10v5 are black boxes.
Warning: Equate pins:  cell sky130_fd_pr__pfet_g5v0d10v5 is a placeholder, treated as a black box.
Warning: Equate pins:  cell sky130_fd_pr__pfet_g5v0d10v5 is a placeholder, treated as a black box.

Subcircuit pins:
Circuit 1: sky130_fd_pr__pfet_g5v0d10v5    |Circuit 2: sky130_fd_pr__pfet_g5v0d10v5    
-------------------------------------------|-------------------------------------------
1                                          |1                                          
2                                          |2                                          
3                                          |3                                          
4                                          |4                                          
---------------------------------------------------------------------------------------
Cell pin lists are equivalent.
Device classes sky130_fd_pr__pfet_g5v0d10v5 and sky130_fd_pr__pfet_g5v0d10v5 are equivalent.

Circuit 1 cell sky130_fd_pr__nfet_g5v0d10v5 and Circuit 2 cell sky130_fd_pr__nfet_g5v0d10v5 are black boxes.
Warning: Equate pins:  cell sky130_fd_pr__nfet_g5v0d10v5 is a placeholder, treated as a black box.
Warning: Equate pins:  cell sky130_fd_pr__nfet_g5v0d10v5 is a placeholder, treated as a black box.

Subcircuit pins:
Circuit 1: sky130_fd_pr__nfet_g5v0d10v5    |Circuit 2: sky130_fd_pr__nfet_g5v0d10v5    
-------------------------------------------|-------------------------------------------
1                                          |1                                          
2                                          |2                                          
3                                          |3                                          
4                                          |4                                          
---------------------------------------------------------------------------------------
Cell pin lists are equivalent.
Device classes sky130_fd_pr__nfet_g5v0d10v5 and sky130_fd_pr__nfet_g5v0d10v5 are equivalent.
Flattening unmatched subcell sky130_fd_pr__pfet_g5v0d10v5_VK4LZ7 in circuit input_stage (0)(2 instances)
Flattening unmatched subcell sky130_fd_pr__nfet_g5v0d10v5_VNB5GC in circuit input_stage (0)(4 instances)
Flattening unmatched subcell sky130_fd_pr__pfet_g5v0d10v5_2L5LZ7 in circuit input_stage (0)(4 instances)
Flattening unmatched subcell sky130_fd_pr__nfet_g5v0d10v5_SAT828 in circuit input_stage (0)(2 instances)
Flattening unmatched subcell sky130_fd_pr__nfet_g5v0d10v5_GUWUK4 in circuit input_stage (0)(2 instances)
Flattening unmatched subcell sky130_fd_pr__pfet_g5v0d10v5_NQ4LZ7 in circuit input_stage (0)(4 instances)
Flattening unmatched subcell sky130_fd_pr__nfet_g5v0d10v5_SAC338 in circuit input_stage (0)(4 instances)
Flattening unmatched subcell sky130_fd_pr__pfet_g5v0d10v5_ZUVZZ7 in circuit input_stage (0)(2 instances)

Class input_stage (0):  Merged 16 parallel devices.
Class input_stage (1):  Merged 6 parallel devices.
Subcircuit summary:
Circuit 1: input_stage                     |Circuit 2: input_stage                     
-------------------------------------------|-------------------------------------------
sky130_fd_pr__pfet_g5v0d10v5 (12->4)       |sky130_fd_pr__pfet_g5v0d10v5 (12->4)       
sky130_fd_pr__nfet_g5v0d10v5 (12->4)       |sky130_fd_pr__nfet_g5v0d10v5 (12->4)       
Number of devices: 8                       |Number of devices: 8                       
Number of nets: 12                         |Number of nets: 12                         
---------------------------------------------------------------------------------------
Resolving symmetries by property value.
Resolving symmetries by pin name.
Netlists match uniquely with property errors.
sky130_fd_pr__nfet_g5v0d10v5_SAT828_0/sky130_fd_pr__nfet_g5v0d10v5:0 vs. sky130_fd_pr__nfet_g5v0d10v5:M7:
 w circuit1: 17   circuit2: 6   (delta=95.7%, cutoff=1%)
sky130_fd_pr__pfet_g5v0d10v5_VK4LZ7_1/sky130_fd_pr__pfet_g5v0d10v5:0 vs. sky130_fd_pr__pfet_g5v0d10v5:M1:
 w circuit1: 18   circuit2: 12   (delta=40%, cutoff=1%)

Subcircuit pins:
Circuit 1: input_stage                     |Circuit 2: input_stage                     
-------------------------------------------|-------------------------------------------
INP                                        |INP                                        
INN                                        |INN                                        
N1                                         |N1                                         
N2                                         |N2                                         
Vb1                                        |Vb1                                        
Vb5                                        |Vb5                                        
N3                                         |N3                                         
N4                                         |N4                                         
VSS                                        |VSS                                        
VCC                                        |VCC                                        
---------------------------------------------------------------------------------------
Cell pin lists are equivalent.
Device classes input_stage and input_stage are equivalent.

Final result: Circuits match uniquely.
Property errors were found.

The following cells had property errors:
 input_stage
