
Circuit 1 cell sky130_fd_pr__nfet_g5v0d10v5 and Circuit 2 cell sky130_fd_pr__nfet_g5v0d10v5 are black boxes.
Warning: Equate pins:  cell sky130_fd_pr__nfet_g5v0d10v5 is a placeholder, treated as a black box.
Warning: Equate pins:  cell sky130_fd_pr__nfet_g5v0d10v5 is a placeholder, treated as a black box.

Subcircuit pins:
Circuit 1: sky130_fd_pr__nfet_g5v0d10v5    |Circuit 2: sky130_fd_pr__nfet_g5v0d10v5    
-------------------------------------------|-------------------------------------------
1                                          |1                                          
2                                          |2                                          
3                                          |3                                          
4                                          |4                                          
---------------------------------------------------------------------------------------
Cell pin lists are equivalent.
Device classes sky130_fd_pr__nfet_g5v0d10v5 and sky130_fd_pr__nfet_g5v0d10v5 are equivalent.

Circuit 1 cell sky130_fd_pr__pfet_g5v0d10v5 and Circuit 2 cell sky130_fd_pr__pfet_g5v0d10v5 are black boxes.
Warning: Equate pins:  cell sky130_fd_pr__pfet_g5v0d10v5 is a placeholder, treated as a black box.
Warning: Equate pins:  cell sky130_fd_pr__pfet_g5v0d10v5 is a placeholder, treated as a black box.

Subcircuit pins:
Circuit 1: sky130_fd_pr__pfet_g5v0d10v5    |Circuit 2: sky130_fd_pr__pfet_g5v0d10v5    
-------------------------------------------|-------------------------------------------
1                                          |1                                          
2                                          |2                                          
3                                          |3                                          
4                                          |4                                          
---------------------------------------------------------------------------------------
Cell pin lists are equivalent.
Device classes sky130_fd_pr__pfet_g5v0d10v5 and sky130_fd_pr__pfet_g5v0d10v5 are equivalent.
Flattening unmatched subcell sky130_fd_pr__nfet_g5v0d10v5_NY97Z6 in circuit diff_to_single_ended (0)(4 instances)
Flattening unmatched subcell sky130_fd_pr__nfet_g5v0d10v5_VNB5GC in circuit diff_to_single_ended (0)(4 instances)
Flattening unmatched subcell sky130_fd_pr__nfet_g5v0d10v5_CDSXD6 in circuit diff_to_single_ended (0)(2 instances)
Flattening unmatched subcell sky130_fd_pr__nfet_g5v0d10v5_DFFFYB in circuit diff_to_single_ended (0)(2 instances)
Flattening unmatched subcell sky130_fd_pr__pfet_g5v0d10v5_HGG9EV in circuit diff_to_single_ended (0)(4 instances)
Flattening unmatched subcell sky130_fd_pr__pfet_g5v0d10v5_HCV9S7 in circuit diff_to_single_ended (0)(2 instances)

Class diff_to_single_ended (0):  Merged 11 parallel devices.
Class single_ended (1):  Merged 4 parallel devices.
Subcircuit summary:
Circuit 1: diff_to_single_ended            |Circuit 2: single_ended                    
-------------------------------------------|-------------------------------------------
sky130_fd_pr__nfet_g5v0d10v5 (12->4)       |sky130_fd_pr__nfet_g5v0d10v5 (12->4)       
sky130_fd_pr__pfet_g5v0d10v5 (6->3)        |sky130_fd_pr__pfet_g5v0d10v5 (6->3)        
Number of devices: 7                       |Number of devices: 7                       
Number of nets: 8                          |Number of nets: 8                          
---------------------------------------------------------------------------------------
Netlists match uniquely.

Subcircuit pins:
Circuit 1: diff_to_single_ended            |Circuit 2: single_ended                    
-------------------------------------------|-------------------------------------------
v                                          |v                                          
VCC                                        |VCC                                        
VSS                                        |VSS                                        
out2                                       |out2                                       
out                                        |out                                        
vb5                                        |vb5                                        
---------------------------------------------------------------------------------------
Cell pin lists are equivalent.
Device classes diff_to_single_ended and single_ended are equivalent.

Final result: Circuits match uniquely.
.
